2014-09-01 20:14:20,235 - Log4JLogChute initialized using file 'velocity.log'
2014-09-01 20:14:20,236 - Initializing Velocity, Calling init()...
2014-09-01 20:14:20,236 - Starting Apache Velocity v1.7 (compiled: 2010-11-19 12:14:37)
2014-09-01 20:14:20,236 - Default Properties File: org\apache\velocity\runtime\defaults\velocity.properties
2014-09-01 20:14:20,236 - Trying to use logger class org.apache.velocity.runtime.log.AvalonLogChute
2014-09-01 20:14:20,237 - Target log system for org.apache.velocity.runtime.log.AvalonLogChute is not available (java.lang.NoClassDefFoundError: org/apache/log/format/Formatter).  Falling back to next log system...
2014-09-01 20:14:20,237 - Trying to use logger class org.apache.velocity.runtime.log.Log4JLogChute
2014-09-01 20:14:20,237 - Using logger class org.apache.velocity.runtime.log.Log4JLogChute
2014-09-01 20:14:20,245 - ResourceLoader instantiated: org.apache.velocity.runtime.resource.loader.ClasspathResourceLoader
2014-09-01 20:14:20,279 - ResourceCache: initialized (class org.apache.velocity.runtime.resource.ResourceCacheImpl) with class java.util.Collections$SynchronizedMap cache map.
2014-09-01 20:14:20,285 - Loaded System Directive: org.apache.velocity.runtime.directive.Stop
2014-09-01 20:14:20,289 - Loaded System Directive: org.apache.velocity.runtime.directive.Define
2014-09-01 20:14:20,291 - Loaded System Directive: org.apache.velocity.runtime.directive.Break
2014-09-01 20:14:20,293 - Loaded System Directive: org.apache.velocity.runtime.directive.Evaluate
2014-09-01 20:14:20,295 - Loaded System Directive: org.apache.velocity.runtime.directive.Literal
2014-09-01 20:14:20,299 - Loaded System Directive: org.apache.velocity.runtime.directive.Macro
2014-09-01 20:14:20,304 - Loaded System Directive: org.apache.velocity.runtime.directive.Parse
2014-09-01 20:14:20,308 - Loaded System Directive: org.apache.velocity.runtime.directive.Include
2014-09-01 20:14:20,311 - Loaded System Directive: org.apache.velocity.runtime.directive.Foreach
2014-09-01 20:14:20,383 - Created '20' parsers.
2014-09-01 20:14:20,410 - Velocimacro : "velocimacro.library" is not set.  Trying default library: VM_global_library.vm
2014-09-01 20:14:20,412 - Could not load resource 'VM_global_library.vm' from ResourceLoader org.apache.velocity.runtime.resource.loader.ClasspathResourceLoader: ClasspathResourceLoader Error: cannot find resource VM_global_library.vm
2014-09-01 20:14:20,413 - Velocimacro : Default library not found.
2014-09-01 20:14:20,413 - Velocimacro : allowInline = true : VMs can be defined inline in templates
2014-09-01 20:14:20,413 - Velocimacro : allowInlineToOverride = false : VMs defined inline may NOT replace previous VM definitions
2014-09-01 20:14:20,413 - Velocimacro : allowInlineLocal = false : VMs defined inline will be global in scope if allowed.
2014-09-01 20:14:20,414 - Velocimacro : autoload off : VM system will not automatically reload global library macros
2014-09-01 20:14:20,418 - ResourceManager : unable to find resource 'br/com/hmi/util/email/resetarSenha.vm' in any resource loader.
2014-09-01 20:15:29,187 - Log4JLogChute initialized using file 'velocity.log'
2014-09-01 20:15:29,188 - Initializing Velocity, Calling init()...
2014-09-01 20:15:29,188 - Starting Apache Velocity v1.7 (compiled: 2010-11-19 12:14:37)
2014-09-01 20:15:29,188 - Default Properties File: org\apache\velocity\runtime\defaults\velocity.properties
2014-09-01 20:15:29,189 - Trying to use logger class org.apache.velocity.runtime.log.AvalonLogChute
2014-09-01 20:15:29,189 - Target log system for org.apache.velocity.runtime.log.AvalonLogChute is not available (java.lang.NoClassDefFoundError: org/apache/log/format/Formatter).  Falling back to next log system...
2014-09-01 20:15:29,189 - Trying to use logger class org.apache.velocity.runtime.log.Log4JLogChute
2014-09-01 20:15:29,189 - Using logger class org.apache.velocity.runtime.log.Log4JLogChute
2014-09-01 20:15:29,198 - ResourceLoader instantiated: org.apache.velocity.runtime.resource.loader.ClasspathResourceLoader
2014-09-01 20:15:29,233 - ResourceCache: initialized (class org.apache.velocity.runtime.resource.ResourceCacheImpl) with class java.util.Collections$SynchronizedMap cache map.
2014-09-01 20:15:29,239 - Loaded System Directive: org.apache.velocity.runtime.directive.Stop
2014-09-01 20:15:29,243 - Loaded System Directive: org.apache.velocity.runtime.directive.Define
2014-09-01 20:15:29,245 - Loaded System Directive: org.apache.velocity.runtime.directive.Break
2014-09-01 20:15:29,248 - Loaded System Directive: org.apache.velocity.runtime.directive.Evaluate
2014-09-01 20:15:29,250 - Loaded System Directive: org.apache.velocity.runtime.directive.Literal
2014-09-01 20:15:29,254 - Loaded System Directive: org.apache.velocity.runtime.directive.Macro
2014-09-01 20:15:29,258 - Loaded System Directive: org.apache.velocity.runtime.directive.Parse
2014-09-01 20:15:29,262 - Loaded System Directive: org.apache.velocity.runtime.directive.Include
2014-09-01 20:15:29,265 - Loaded System Directive: org.apache.velocity.runtime.directive.Foreach
2014-09-01 20:15:29,339 - Created '20' parsers.
2014-09-01 20:15:29,367 - Velocimacro : "velocimacro.library" is not set.  Trying default library: VM_global_library.vm
2014-09-01 20:15:29,369 - Could not load resource 'VM_global_library.vm' from ResourceLoader org.apache.velocity.runtime.resource.loader.ClasspathResourceLoader: ClasspathResourceLoader Error: cannot find resource VM_global_library.vm
2014-09-01 20:15:29,369 - Velocimacro : Default library not found.
2014-09-01 20:15:29,370 - Velocimacro : allowInline = true : VMs can be defined inline in templates
2014-09-01 20:15:29,370 - Velocimacro : allowInlineToOverride = false : VMs defined inline may NOT replace previous VM definitions
2014-09-01 20:15:29,370 - Velocimacro : allowInlineLocal = false : VMs defined inline will be global in scope if allowed.
2014-09-01 20:15:29,371 - Velocimacro : autoload off : VM system will not automatically reload global library macros
2014-09-01 20:15:29,397 - ResourceManager : found br/com/readmail/resetarSenha.vm with loader org.apache.velocity.runtime.resource.loader.ClasspathResourceLoader
2014-09-01 20:15:29,404 - Null reference [template 'br/com/readmail/resetarSenha.vm', line 24, column 42] : $logo cannot be resolved.
2014-09-01 20:15:29,404 - Null reference [template 'br/com/readmail/resetarSenha.vm', line 28, column 111] : $sistema cannot be resolved.
2014-09-01 20:15:29,404 - Null reference [template 'br/com/readmail/resetarSenha.vm', line 30, column 64] : $mail cannot be resolved.
2014-09-01 20:18:45,477 - Log4JLogChute initialized using file 'velocity.log'
2014-09-01 20:18:45,478 - Initializing Velocity, Calling init()...
2014-09-01 20:18:45,478 - Starting Apache Velocity v1.7 (compiled: 2010-11-19 12:14:37)
2014-09-01 20:18:45,478 - Default Properties File: org\apache\velocity\runtime\defaults\velocity.properties
2014-09-01 20:18:45,478 - Trying to use logger class org.apache.velocity.runtime.log.AvalonLogChute
2014-09-01 20:18:45,479 - Target log system for org.apache.velocity.runtime.log.AvalonLogChute is not available (java.lang.NoClassDefFoundError: org/apache/log/format/Formatter).  Falling back to next log system...
2014-09-01 20:18:45,479 - Trying to use logger class org.apache.velocity.runtime.log.Log4JLogChute
2014-09-01 20:18:45,479 - Using logger class org.apache.velocity.runtime.log.Log4JLogChute
2014-09-01 20:18:45,487 - ResourceLoader instantiated: org.apache.velocity.runtime.resource.loader.ClasspathResourceLoader
2014-09-01 20:18:45,521 - ResourceCache: initialized (class org.apache.velocity.runtime.resource.ResourceCacheImpl) with class java.util.Collections$SynchronizedMap cache map.
2014-09-01 20:18:45,526 - Loaded System Directive: org.apache.velocity.runtime.directive.Stop
2014-09-01 20:18:45,530 - Loaded System Directive: org.apache.velocity.runtime.directive.Define
2014-09-01 20:18:45,533 - Loaded System Directive: org.apache.velocity.runtime.directive.Break
2014-09-01 20:18:45,535 - Loaded System Directive: org.apache.velocity.runtime.directive.Evaluate
2014-09-01 20:18:45,537 - Loaded System Directive: org.apache.velocity.runtime.directive.Literal
2014-09-01 20:18:45,541 - Loaded System Directive: org.apache.velocity.runtime.directive.Macro
2014-09-01 20:18:45,545 - Loaded System Directive: org.apache.velocity.runtime.directive.Parse
2014-09-01 20:18:45,550 - Loaded System Directive: org.apache.velocity.runtime.directive.Include
2014-09-01 20:18:45,552 - Loaded System Directive: org.apache.velocity.runtime.directive.Foreach
2014-09-01 20:18:45,628 - Created '20' parsers.
2014-09-01 20:18:45,653 - Velocimacro : "velocimacro.library" is not set.  Trying default library: VM_global_library.vm
2014-09-01 20:18:45,655 - Could not load resource 'VM_global_library.vm' from ResourceLoader org.apache.velocity.runtime.resource.loader.ClasspathResourceLoader: ClasspathResourceLoader Error: cannot find resource VM_global_library.vm
2014-09-01 20:18:45,655 - Velocimacro : Default library not found.
2014-09-01 20:18:45,655 - Velocimacro : allowInline = true : VMs can be defined inline in templates
2014-09-01 20:18:45,655 - Velocimacro : allowInlineToOverride = false : VMs defined inline may NOT replace previous VM definitions
2014-09-01 20:18:45,656 - Velocimacro : allowInlineLocal = false : VMs defined inline will be global in scope if allowed.
2014-09-01 20:18:45,656 - Velocimacro : autoload off : VM system will not automatically reload global library macros
2014-09-01 20:18:45,683 - ResourceManager : found br/com/readmail/resetarSenha.vm with loader org.apache.velocity.runtime.resource.loader.ClasspathResourceLoader
2014-09-01 20:18:45,690 - Null reference [template 'br/com/readmail/resetarSenha.vm', line 24, column 42] : $logo cannot be resolved.
2014-09-01 20:18:45,691 - Null reference [template 'br/com/readmail/resetarSenha.vm', line 28, column 111] : $sistema cannot be resolved.
2014-09-01 20:18:45,691 - Null reference [template 'br/com/readmail/resetarSenha.vm', line 30, column 64] : $mail cannot be resolved.
2014-09-01 20:24:56,982 - Log4JLogChute initialized using file 'velocity.log'
2014-09-01 20:24:56,983 - Initializing Velocity, Calling init()...
2014-09-01 20:24:56,983 - Starting Apache Velocity v1.7 (compiled: 2010-11-19 12:14:37)
2014-09-01 20:24:56,983 - Default Properties File: org\apache\velocity\runtime\defaults\velocity.properties
2014-09-01 20:24:56,983 - Trying to use logger class org.apache.velocity.runtime.log.AvalonLogChute
2014-09-01 20:24:56,983 - Target log system for org.apache.velocity.runtime.log.AvalonLogChute is not available (java.lang.NoClassDefFoundError: org/apache/log/format/Formatter).  Falling back to next log system...
2014-09-01 20:24:56,984 - Trying to use logger class org.apache.velocity.runtime.log.Log4JLogChute
2014-09-01 20:24:56,984 - Using logger class org.apache.velocity.runtime.log.Log4JLogChute
2014-09-01 20:24:56,989 - ResourceLoader instantiated: org.apache.velocity.runtime.resource.loader.ClasspathResourceLoader
2014-09-01 20:24:57,008 - ResourceCache: initialized (class org.apache.velocity.runtime.resource.ResourceCacheImpl) with class java.util.Collections$SynchronizedMap cache map.
2014-09-01 20:24:57,010 - Loaded System Directive: org.apache.velocity.runtime.directive.Stop
2014-09-01 20:24:57,012 - Loaded System Directive: org.apache.velocity.runtime.directive.Define
2014-09-01 20:24:57,013 - Loaded System Directive: org.apache.velocity.runtime.directive.Break
2014-09-01 20:24:57,014 - Loaded System Directive: org.apache.velocity.runtime.directive.Evaluate
2014-09-01 20:24:57,015 - Loaded System Directive: org.apache.velocity.runtime.directive.Literal
2014-09-01 20:24:57,017 - Loaded System Directive: org.apache.velocity.runtime.directive.Macro
2014-09-01 20:24:57,019 - Loaded System Directive: org.apache.velocity.runtime.directive.Parse
2014-09-01 20:24:57,021 - Loaded System Directive: org.apache.velocity.runtime.directive.Include
2014-09-01 20:24:57,023 - Loaded System Directive: org.apache.velocity.runtime.directive.Foreach
2014-09-01 20:24:57,070 - Created '20' parsers.
2014-09-01 20:24:57,081 - Velocimacro : "velocimacro.library" is not set.  Trying default library: VM_global_library.vm
2014-09-01 20:24:57,081 - Could not load resource 'VM_global_library.vm' from ResourceLoader org.apache.velocity.runtime.resource.loader.ClasspathResourceLoader: ClasspathResourceLoader Error: cannot find resource VM_global_library.vm
2014-09-01 20:24:57,082 - Velocimacro : Default library not found.
2014-09-01 20:24:57,082 - Velocimacro : allowInline = true : VMs can be defined inline in templates
2014-09-01 20:24:57,082 - Velocimacro : allowInlineToOverride = false : VMs defined inline may NOT replace previous VM definitions
2014-09-01 20:24:57,082 - Velocimacro : allowInlineLocal = false : VMs defined inline will be global in scope if allowed.
2014-09-01 20:24:57,082 - Velocimacro : autoload off : VM system will not automatically reload global library macros
2014-09-01 20:24:57,097 - ResourceManager : found br/com/readmail/resetarSenha.vm with loader org.apache.velocity.runtime.resource.loader.ClasspathResourceLoader
2014-09-01 20:24:57,100 - Null reference [template 'br/com/readmail/resetarSenha.vm', line 24, column 42] : $logo cannot be resolved.
2014-09-01 20:24:57,101 - Null reference [template 'br/com/readmail/resetarSenha.vm', line 28, column 111] : $sistema cannot be resolved.
2014-09-01 20:24:57,101 - Null reference [template 'br/com/readmail/resetarSenha.vm', line 30, column 64] : $mail cannot be resolved.
2014-09-01 20:31:19,899 - Log4JLogChute initialized using file 'velocity.log'
2014-09-01 20:31:19,900 - Initializing Velocity, Calling init()...
2014-09-01 20:31:19,900 - Starting Apache Velocity v1.7 (compiled: 2010-11-19 12:14:37)
2014-09-01 20:31:19,900 - Default Properties File: org\apache\velocity\runtime\defaults\velocity.properties
2014-09-01 20:31:19,900 - Trying to use logger class org.apache.velocity.runtime.log.AvalonLogChute
2014-09-01 20:31:19,901 - Target log system for org.apache.velocity.runtime.log.AvalonLogChute is not available (java.lang.NoClassDefFoundError: org/apache/log/format/Formatter).  Falling back to next log system...
2014-09-01 20:31:19,901 - Trying to use logger class org.apache.velocity.runtime.log.Log4JLogChute
2014-09-01 20:31:19,901 - Using logger class org.apache.velocity.runtime.log.Log4JLogChute
2014-09-01 20:31:19,906 - ResourceLoader instantiated: org.apache.velocity.runtime.resource.loader.ClasspathResourceLoader
2014-09-01 20:31:19,925 - ResourceCache: initialized (class org.apache.velocity.runtime.resource.ResourceCacheImpl) with class java.util.Collections$SynchronizedMap cache map.
2014-09-01 20:31:19,927 - Loaded System Directive: org.apache.velocity.runtime.directive.Stop
2014-09-01 20:31:19,929 - Loaded System Directive: org.apache.velocity.runtime.directive.Define
2014-09-01 20:31:19,930 - Loaded System Directive: org.apache.velocity.runtime.directive.Break
2014-09-01 20:31:19,931 - Loaded System Directive: org.apache.velocity.runtime.directive.Evaluate
2014-09-01 20:31:19,932 - Loaded System Directive: org.apache.velocity.runtime.directive.Literal
2014-09-01 20:31:19,934 - Loaded System Directive: org.apache.velocity.runtime.directive.Macro
2014-09-01 20:31:19,936 - Loaded System Directive: org.apache.velocity.runtime.directive.Parse
2014-09-01 20:31:19,938 - Loaded System Directive: org.apache.velocity.runtime.directive.Include
2014-09-01 20:31:19,940 - Loaded System Directive: org.apache.velocity.runtime.directive.Foreach
2014-09-01 20:31:19,988 - Created '20' parsers.
2014-09-01 20:31:19,999 - Velocimacro : "velocimacro.library" is not set.  Trying default library: VM_global_library.vm
2014-09-01 20:31:20,000 - Could not load resource 'VM_global_library.vm' from ResourceLoader org.apache.velocity.runtime.resource.loader.ClasspathResourceLoader: ClasspathResourceLoader Error: cannot find resource VM_global_library.vm
2014-09-01 20:31:20,000 - Velocimacro : Default library not found.
2014-09-01 20:31:20,000 - Velocimacro : allowInline = true : VMs can be defined inline in templates
2014-09-01 20:31:20,000 - Velocimacro : allowInlineToOverride = false : VMs defined inline may NOT replace previous VM definitions
2014-09-01 20:31:20,000 - Velocimacro : allowInlineLocal = false : VMs defined inline will be global in scope if allowed.
2014-09-01 20:31:20,000 - Velocimacro : autoload off : VM system will not automatically reload global library macros
2014-09-01 20:31:20,015 - ResourceManager : found br/com/readmail/resetarSenha.vm with loader org.apache.velocity.runtime.resource.loader.ClasspathResourceLoader
2014-09-01 20:31:20,019 - Null reference [template 'br/com/readmail/resetarSenha.vm', line 24, column 42] : $logo cannot be resolved.
2014-09-01 20:31:20,019 - Null reference [template 'br/com/readmail/resetarSenha.vm', line 28, column 111] : $sistema cannot be resolved.
2014-09-01 20:31:20,019 - Null reference [template 'br/com/readmail/resetarSenha.vm', line 30, column 64] : $mail cannot be resolved.
2014-09-01 20:33:52,901 - Log4JLogChute initialized using file 'velocity.log'
2014-09-01 20:33:52,902 - Initializing Velocity, Calling init()...
2014-09-01 20:33:52,902 - Starting Apache Velocity v1.7 (compiled: 2010-11-19 12:14:37)
2014-09-01 20:33:52,902 - Default Properties File: org\apache\velocity\runtime\defaults\velocity.properties
2014-09-01 20:33:52,902 - Trying to use logger class org.apache.velocity.runtime.log.AvalonLogChute
2014-09-01 20:33:52,902 - Target log system for org.apache.velocity.runtime.log.AvalonLogChute is not available (java.lang.NoClassDefFoundError: org/apache/log/format/Formatter).  Falling back to next log system...
2014-09-01 20:33:52,902 - Trying to use logger class org.apache.velocity.runtime.log.Log4JLogChute
2014-09-01 20:33:52,902 - Using logger class org.apache.velocity.runtime.log.Log4JLogChute
2014-09-01 20:33:52,909 - ResourceLoader instantiated: org.apache.velocity.runtime.resource.loader.ClasspathResourceLoader
2014-09-01 20:33:52,929 - ResourceCache: initialized (class org.apache.velocity.runtime.resource.ResourceCacheImpl) with class java.util.Collections$SynchronizedMap cache map.
2014-09-01 20:33:52,931 - Loaded System Directive: org.apache.velocity.runtime.directive.Stop
2014-09-01 20:33:52,933 - Loaded System Directive: org.apache.velocity.runtime.directive.Define
2014-09-01 20:33:52,934 - Loaded System Directive: org.apache.velocity.runtime.directive.Break
2014-09-01 20:33:52,935 - Loaded System Directive: org.apache.velocity.runtime.directive.Evaluate
2014-09-01 20:33:52,936 - Loaded System Directive: org.apache.velocity.runtime.directive.Literal
2014-09-01 20:33:52,938 - Loaded System Directive: org.apache.velocity.runtime.directive.Macro
2014-09-01 20:33:52,940 - Loaded System Directive: org.apache.velocity.runtime.directive.Parse
2014-09-01 20:33:52,943 - Loaded System Directive: org.apache.velocity.runtime.directive.Include
2014-09-01 20:33:52,944 - Loaded System Directive: org.apache.velocity.runtime.directive.Foreach
2014-09-01 20:33:52,992 - Created '20' parsers.
2014-09-01 20:33:53,004 - Velocimacro : "velocimacro.library" is not set.  Trying default library: VM_global_library.vm
2014-09-01 20:33:53,005 - Could not load resource 'VM_global_library.vm' from ResourceLoader org.apache.velocity.runtime.resource.loader.ClasspathResourceLoader: ClasspathResourceLoader Error: cannot find resource VM_global_library.vm
2014-09-01 20:33:53,005 - Velocimacro : Default library not found.
2014-09-01 20:33:53,005 - Velocimacro : allowInline = true : VMs can be defined inline in templates
2014-09-01 20:33:53,005 - Velocimacro : allowInlineToOverride = false : VMs defined inline may NOT replace previous VM definitions
2014-09-01 20:33:53,005 - Velocimacro : allowInlineLocal = false : VMs defined inline will be global in scope if allowed.
2014-09-01 20:33:53,005 - Velocimacro : autoload off : VM system will not automatically reload global library macros
2014-09-01 20:33:53,020 - ResourceManager : found br/com/readmail/resetarSenha.vm with loader org.apache.velocity.runtime.resource.loader.ClasspathResourceLoader
2014-09-01 20:33:53,023 - Null reference [template 'br/com/readmail/resetarSenha.vm', line 24, column 42] : $logo cannot be resolved.
2014-09-01 20:33:53,023 - Null reference [template 'br/com/readmail/resetarSenha.vm', line 28, column 111] : $sistema cannot be resolved.
2014-09-01 20:33:53,023 - Null reference [template 'br/com/readmail/resetarSenha.vm', line 30, column 64] : $mail cannot be resolved.
2014-09-01 20:36:06,165 - Log4JLogChute initialized using file 'velocity.log'
2014-09-01 20:36:06,166 - Initializing Velocity, Calling init()...
2014-09-01 20:36:06,166 - Starting Apache Velocity v1.7 (compiled: 2010-11-19 12:14:37)
2014-09-01 20:36:06,166 - Default Properties File: org\apache\velocity\runtime\defaults\velocity.properties
2014-09-01 20:36:06,166 - Trying to use logger class org.apache.velocity.runtime.log.AvalonLogChute
2014-09-01 20:36:06,167 - Target log system for org.apache.velocity.runtime.log.AvalonLogChute is not available (java.lang.NoClassDefFoundError: org/apache/log/format/Formatter).  Falling back to next log system...
2014-09-01 20:36:06,167 - Trying to use logger class org.apache.velocity.runtime.log.Log4JLogChute
2014-09-01 20:36:06,167 - Using logger class org.apache.velocity.runtime.log.Log4JLogChute
2014-09-01 20:36:06,172 - ResourceLoader instantiated: org.apache.velocity.runtime.resource.loader.ClasspathResourceLoader
2014-09-01 20:36:06,191 - ResourceCache: initialized (class org.apache.velocity.runtime.resource.ResourceCacheImpl) with class java.util.Collections$SynchronizedMap cache map.
2014-09-01 20:36:06,193 - Loaded System Directive: org.apache.velocity.runtime.directive.Stop
2014-09-01 20:36:06,195 - Loaded System Directive: org.apache.velocity.runtime.directive.Define
2014-09-01 20:36:06,197 - Loaded System Directive: org.apache.velocity.runtime.directive.Break
2014-09-01 20:36:06,198 - Loaded System Directive: org.apache.velocity.runtime.directive.Evaluate
2014-09-01 20:36:06,199 - Loaded System Directive: org.apache.velocity.runtime.directive.Literal
2014-09-01 20:36:06,201 - Loaded System Directive: org.apache.velocity.runtime.directive.Macro
2014-09-01 20:36:06,203 - Loaded System Directive: org.apache.velocity.runtime.directive.Parse
2014-09-01 20:36:06,205 - Loaded System Directive: org.apache.velocity.runtime.directive.Include
2014-09-01 20:36:06,207 - Loaded System Directive: org.apache.velocity.runtime.directive.Foreach
2014-09-01 20:36:06,254 - Created '20' parsers.
2014-09-01 20:36:06,265 - Velocimacro : "velocimacro.library" is not set.  Trying default library: VM_global_library.vm
2014-09-01 20:36:06,266 - Could not load resource 'VM_global_library.vm' from ResourceLoader org.apache.velocity.runtime.resource.loader.ClasspathResourceLoader: ClasspathResourceLoader Error: cannot find resource VM_global_library.vm
2014-09-01 20:36:06,266 - Velocimacro : Default library not found.
2014-09-01 20:36:06,267 - Velocimacro : allowInline = true : VMs can be defined inline in templates
2014-09-01 20:36:06,267 - Velocimacro : allowInlineToOverride = false : VMs defined inline may NOT replace previous VM definitions
2014-09-01 20:36:06,267 - Velocimacro : allowInlineLocal = false : VMs defined inline will be global in scope if allowed.
2014-09-01 20:36:06,267 - Velocimacro : autoload off : VM system will not automatically reload global library macros
2014-09-01 20:36:06,282 - ResourceManager : found br/com/readmail/resetarSenha.vm with loader org.apache.velocity.runtime.resource.loader.ClasspathResourceLoader
2014-09-01 20:36:06,285 - Null reference [template 'br/com/readmail/resetarSenha.vm', line 24, column 42] : $logo cannot be resolved.
2014-09-01 20:36:06,285 - Null reference [template 'br/com/readmail/resetarSenha.vm', line 28, column 111] : $sistema cannot be resolved.
2014-09-01 20:36:06,286 - Null reference [template 'br/com/readmail/resetarSenha.vm', line 30, column 64] : $mail cannot be resolved.
2014-09-01 20:40:26,711 - Log4JLogChute initialized using file 'velocity.log'
2014-09-01 20:40:26,711 - Initializing Velocity, Calling init()...
2014-09-01 20:40:26,711 - Starting Apache Velocity v1.7 (compiled: 2010-11-19 12:14:37)
2014-09-01 20:40:26,711 - Default Properties File: org\apache\velocity\runtime\defaults\velocity.properties
2014-09-01 20:40:26,711 - Trying to use logger class org.apache.velocity.runtime.log.AvalonLogChute
2014-09-01 20:40:26,711 - Target log system for org.apache.velocity.runtime.log.AvalonLogChute is not available (java.lang.NoClassDefFoundError: org/apache/log/format/Formatter).  Falling back to next log system...
2014-09-01 20:40:26,711 - Trying to use logger class org.apache.velocity.runtime.log.Log4JLogChute
2014-09-01 20:40:26,712 - Using logger class org.apache.velocity.runtime.log.Log4JLogChute
2014-09-01 20:40:26,716 - ResourceLoader instantiated: org.apache.velocity.runtime.resource.loader.ClasspathResourceLoader
2014-09-01 20:40:26,735 - ResourceCache: initialized (class org.apache.velocity.runtime.resource.ResourceCacheImpl) with class java.util.Collections$SynchronizedMap cache map.
2014-09-01 20:40:26,738 - Loaded System Directive: org.apache.velocity.runtime.directive.Stop
2014-09-01 20:40:26,740 - Loaded System Directive: org.apache.velocity.runtime.directive.Define
2014-09-01 20:40:26,741 - Loaded System Directive: org.apache.velocity.runtime.directive.Break
2014-09-01 20:40:26,742 - Loaded System Directive: org.apache.velocity.runtime.directive.Evaluate
2014-09-01 20:40:26,743 - Loaded System Directive: org.apache.velocity.runtime.directive.Literal
2014-09-01 20:40:26,745 - Loaded System Directive: org.apache.velocity.runtime.directive.Macro
2014-09-01 20:40:26,747 - Loaded System Directive: org.apache.velocity.runtime.directive.Parse
2014-09-01 20:40:26,749 - Loaded System Directive: org.apache.velocity.runtime.directive.Include
2014-09-01 20:40:26,751 - Loaded System Directive: org.apache.velocity.runtime.directive.Foreach
2014-09-01 20:40:26,799 - Created '20' parsers.
2014-09-01 20:40:26,811 - Velocimacro : "velocimacro.library" is not set.  Trying default library: VM_global_library.vm
2014-09-01 20:40:26,811 - Could not load resource 'VM_global_library.vm' from ResourceLoader org.apache.velocity.runtime.resource.loader.ClasspathResourceLoader: ClasspathResourceLoader Error: cannot find resource VM_global_library.vm
2014-09-01 20:40:26,812 - Velocimacro : Default library not found.
2014-09-01 20:40:26,812 - Velocimacro : allowInline = true : VMs can be defined inline in templates
2014-09-01 20:40:26,812 - Velocimacro : allowInlineToOverride = false : VMs defined inline may NOT replace previous VM definitions
2014-09-01 20:40:26,812 - Velocimacro : allowInlineLocal = false : VMs defined inline will be global in scope if allowed.
2014-09-01 20:40:26,812 - Velocimacro : autoload off : VM system will not automatically reload global library macros
2014-09-01 20:40:26,827 - ResourceManager : found br/com/readmail/resetarSenha.vm with loader org.apache.velocity.runtime.resource.loader.ClasspathResourceLoader
2014-09-01 20:40:26,830 - Null reference [template 'br/com/readmail/resetarSenha.vm', line 24, column 42] : $logo cannot be resolved.
2014-09-01 20:40:26,830 - Null reference [template 'br/com/readmail/resetarSenha.vm', line 28, column 111] : $sistema cannot be resolved.
2014-09-01 20:40:26,830 - Null reference [template 'br/com/readmail/resetarSenha.vm', line 30, column 64] : $mail cannot be resolved.
2014-09-01 20:45:16,775 - Log4JLogChute initialized using file 'velocity.log'
2014-09-01 20:45:16,776 - Initializing Velocity, Calling init()...
2014-09-01 20:45:16,776 - Starting Apache Velocity v1.7 (compiled: 2010-11-19 12:14:37)
2014-09-01 20:45:16,776 - Default Properties File: org\apache\velocity\runtime\defaults\velocity.properties
2014-09-01 20:45:16,776 - Trying to use logger class org.apache.velocity.runtime.log.AvalonLogChute
2014-09-01 20:45:16,777 - Target log system for org.apache.velocity.runtime.log.AvalonLogChute is not available (java.lang.NoClassDefFoundError: org/apache/log/format/Formatter).  Falling back to next log system...
2014-09-01 20:45:16,777 - Trying to use logger class org.apache.velocity.runtime.log.Log4JLogChute
2014-09-01 20:45:16,777 - Using logger class org.apache.velocity.runtime.log.Log4JLogChute
2014-09-01 20:45:16,782 - ResourceLoader instantiated: org.apache.velocity.runtime.resource.loader.ClasspathResourceLoader
2014-09-01 20:45:16,801 - ResourceCache: initialized (class org.apache.velocity.runtime.resource.ResourceCacheImpl) with class java.util.Collections$SynchronizedMap cache map.
2014-09-01 20:45:16,803 - Loaded System Directive: org.apache.velocity.runtime.directive.Stop
2014-09-01 20:45:16,805 - Loaded System Directive: org.apache.velocity.runtime.directive.Define
2014-09-01 20:45:16,807 - Loaded System Directive: org.apache.velocity.runtime.directive.Break
2014-09-01 20:45:16,808 - Loaded System Directive: org.apache.velocity.runtime.directive.Evaluate
2014-09-01 20:45:16,809 - Loaded System Directive: org.apache.velocity.runtime.directive.Literal
2014-09-01 20:45:16,811 - Loaded System Directive: org.apache.velocity.runtime.directive.Macro
2014-09-01 20:45:16,813 - Loaded System Directive: org.apache.velocity.runtime.directive.Parse
2014-09-01 20:45:16,815 - Loaded System Directive: org.apache.velocity.runtime.directive.Include
2014-09-01 20:45:16,817 - Loaded System Directive: org.apache.velocity.runtime.directive.Foreach
2014-09-01 20:45:16,865 - Created '20' parsers.
2014-09-01 20:45:16,875 - Velocimacro : "velocimacro.library" is not set.  Trying default library: VM_global_library.vm
2014-09-01 20:45:16,876 - Could not load resource 'VM_global_library.vm' from ResourceLoader org.apache.velocity.runtime.resource.loader.ClasspathResourceLoader: ClasspathResourceLoader Error: cannot find resource VM_global_library.vm
2014-09-01 20:45:16,876 - Velocimacro : Default library not found.
2014-09-01 20:45:16,876 - Velocimacro : allowInline = true : VMs can be defined inline in templates
2014-09-01 20:45:16,877 - Velocimacro : allowInlineToOverride = false : VMs defined inline may NOT replace previous VM definitions
2014-09-01 20:45:16,877 - Velocimacro : allowInlineLocal = false : VMs defined inline will be global in scope if allowed.
2014-09-01 20:45:16,877 - Velocimacro : autoload off : VM system will not automatically reload global library macros
2014-09-01 20:45:16,892 - ResourceManager : found br/com/readmail/resetarSenha.vm with loader org.apache.velocity.runtime.resource.loader.ClasspathResourceLoader
2014-09-01 20:45:16,895 - Null reference [template 'br/com/readmail/resetarSenha.vm', line 24, column 42] : $logo cannot be resolved.
2014-09-01 20:45:16,896 - Null reference [template 'br/com/readmail/resetarSenha.vm', line 28, column 111] : $sistema cannot be resolved.
2014-09-01 20:45:16,896 - Null reference [template 'br/com/readmail/resetarSenha.vm', line 30, column 64] : $mail cannot be resolved.
2014-09-01 20:48:06,219 - Log4JLogChute initialized using file 'velocity.log'
2014-09-01 20:48:06,220 - Initializing Velocity, Calling init()...
2014-09-01 20:48:06,220 - Starting Apache Velocity v1.7 (compiled: 2010-11-19 12:14:37)
2014-09-01 20:48:06,220 - Default Properties File: org\apache\velocity\runtime\defaults\velocity.properties
2014-09-01 20:48:06,220 - Trying to use logger class org.apache.velocity.runtime.log.AvalonLogChute
2014-09-01 20:48:06,220 - Target log system for org.apache.velocity.runtime.log.AvalonLogChute is not available (java.lang.NoClassDefFoundError: org/apache/log/format/Formatter).  Falling back to next log system...
2014-09-01 20:48:06,220 - Trying to use logger class org.apache.velocity.runtime.log.Log4JLogChute
2014-09-01 20:48:06,220 - Using logger class org.apache.velocity.runtime.log.Log4JLogChute
2014-09-01 20:48:06,226 - ResourceLoader instantiated: org.apache.velocity.runtime.resource.loader.ClasspathResourceLoader
2014-09-01 20:48:06,246 - ResourceCache: initialized (class org.apache.velocity.runtime.resource.ResourceCacheImpl) with class java.util.Collections$SynchronizedMap cache map.
2014-09-01 20:48:06,248 - Loaded System Directive: org.apache.velocity.runtime.directive.Stop
2014-09-01 20:48:06,250 - Loaded System Directive: org.apache.velocity.runtime.directive.Define
2014-09-01 20:48:06,252 - Loaded System Directive: org.apache.velocity.runtime.directive.Break
2014-09-01 20:48:06,253 - Loaded System Directive: org.apache.velocity.runtime.directive.Evaluate
2014-09-01 20:48:06,254 - Loaded System Directive: org.apache.velocity.runtime.directive.Literal
2014-09-01 20:48:06,256 - Loaded System Directive: org.apache.velocity.runtime.directive.Macro
2014-09-01 20:48:06,258 - Loaded System Directive: org.apache.velocity.runtime.directive.Parse
2014-09-01 20:48:06,260 - Loaded System Directive: org.apache.velocity.runtime.directive.Include
2014-09-01 20:48:06,262 - Loaded System Directive: org.apache.velocity.runtime.directive.Foreach
2014-09-01 20:48:06,311 - Created '20' parsers.
2014-09-01 20:48:06,323 - Velocimacro : "velocimacro.library" is not set.  Trying default library: VM_global_library.vm
2014-09-01 20:48:06,323 - Could not load resource 'VM_global_library.vm' from ResourceLoader org.apache.velocity.runtime.resource.loader.ClasspathResourceLoader: ClasspathResourceLoader Error: cannot find resource VM_global_library.vm
2014-09-01 20:48:06,324 - Velocimacro : Default library not found.
2014-09-01 20:48:06,324 - Velocimacro : allowInline = true : VMs can be defined inline in templates
2014-09-01 20:48:06,324 - Velocimacro : allowInlineToOverride = false : VMs defined inline may NOT replace previous VM definitions
2014-09-01 20:48:06,324 - Velocimacro : allowInlineLocal = false : VMs defined inline will be global in scope if allowed.
2014-09-01 20:48:06,324 - Velocimacro : autoload off : VM system will not automatically reload global library macros
2014-09-01 20:48:06,339 - ResourceManager : found br/com/readmail/resetarSenha.vm with loader org.apache.velocity.runtime.resource.loader.ClasspathResourceLoader
2014-09-01 20:48:06,343 - Null reference [template 'br/com/readmail/resetarSenha.vm', line 24, column 42] : $logo cannot be resolved.
2014-09-01 20:48:06,343 - Null reference [template 'br/com/readmail/resetarSenha.vm', line 28, column 111] : $sistema cannot be resolved.
2014-09-01 20:48:06,343 - Null reference [template 'br/com/readmail/resetarSenha.vm', line 30, column 64] : $mail cannot be resolved.
